<?xml version="1.0" encoding="UTF-8"?>
<!-- Generated by org.testng.reporters.JUnitReportReporter -->
<testsuite hostname="ASMP002.local" failures="0" tests="4" name="io.github.madhank93.automating_internet_app.Dropdown" time="0.407" errors="1" timestamp="2020-04-24T08:16:46 IST" skipped="0">
  <testcase classname="io.github.madhank93.automating_internet_app.Dropdown" name="selectDropdownUsingSelectByValue" time="0.161"/>
  <system-out/>
  <testcase classname="io.github.madhank93.automating_internet_app.Dropdown" name="selectDropdownUsingSelectByIndex" time="0.143"/>
  <system-out/>
  <testcase classname="io.github.madhank93.automating_internet_app.Dropdown" name="selectDropdownUsingSelectByVisibleText" time="0.080"/>
  <system-out/>
  <testcase classname="io.github.madhank93.automating_internet_app.Dropdown" name="deselectDropdownUsingSelectByVisibleText" time="0.023">
    <error message="You may only deselect options of a multi-select" type="java.lang.UnsupportedOperationException">
      <![CDATA[java.lang.UnsupportedOperationException: You may only deselect options of a multi-select
at org.openqa.selenium.support.ui.Select.deselectByVisibleText(Select.java:264)
at io.github.madhank93.automating_internet_app.Dropdown.deselectDropdownUsingSelectByVisibleText(Dropdown.java:74)
at java.base/jdk.internal.reflect.NativeMethodAccessorImpl.invoke0(Native Method)
at java.base/jdk.internal.reflect.NativeMethodAccessorImpl.invoke(NativeMethodAccessorImpl.java:62)
at java.base/jdk.internal.reflect.DelegatingMethodAccessorImpl.invoke(DelegatingMethodAccessorImpl.java:43)
at java.base/java.lang.reflect.Method.invoke(Method.java:564)
at org.testng.internal.MethodInvocationHelper.invokeMethod(MethodInvocationHelper.java:134)
at org.testng.internal.TestInvoker.invokeMethod(TestInvoker.java:597)
at org.testng.internal.TestInvoker.invokeTestMethod(TestInvoker.java:173)
at org.testng.internal.MethodRunner.runInSequence(MethodRunner.java:46)
at org.testng.internal.TestInvoker$MethodInvocationAgent.invoke(TestInvoker.java:816)
at org.testng.internal.TestInvoker.invokeTestMethods(TestInvoker.java:146)
at org.testng.internal.TestMethodWorker.invokeTestMethods(TestMethodWorker.java:146)
at org.testng.internal.TestMethodWorker.run(TestMethodWorker.java:128)
at java.base/java.util.ArrayList.forEach(ArrayList.java:1378)
at org.testng.TestRunner.privateRun(TestRunner.java:766)
at org.testng.TestRunner.run(TestRunner.java:587)
at org.testng.SuiteRunner.runTest(SuiteRunner.java:384)
at org.testng.SuiteRunner.runSequentially(SuiteRunner.java:378)
at org.testng.SuiteRunner.privateRun(SuiteRunner.java:337)
at org.testng.SuiteRunner.run(SuiteRunner.java:286)
at org.testng.SuiteRunnerWorker.runSuite(SuiteRunnerWorker.java:53)
at org.testng.SuiteRunnerWorker.run(SuiteRunnerWorker.java:96)
at org.testng.TestNG.runSuitesSequentially(TestNG.java:1187)
at org.testng.TestNG.runSuitesLocally(TestNG.java:1109)
at org.testng.TestNG.runSuites(TestNG.java:1039)
at org.testng.TestNG.run(TestNG.java:1007)
at org.testng.remote.AbstractRemoteTestNG.run(AbstractRemoteTestNG.java:115)
at org.testng.remote.RemoteTestNG.initAndRun(RemoteTestNG.java:251)
at org.testng.remote.RemoteTestNG.main(RemoteTestNG.java:77)
]]>
    </error>
  </testcase> <!-- deselectDropdownUsingSelectByVisibleText -->
  <system-out/>
</testsuite> <!-- io.github.madhank93.automating_internet_app.Dropdown -->
